2021-12-06 16:29:50 INFO Starting EdcBatchApplication using Java 1.8.0_251 on DESKTOP-0ICB4NK with PID 20092 (C:\dev\edc-batch\target\classes started by i2ucns in C:\dev\edc-batch)
2021-12-06 16:29:50 INFO The following profiles are active: local
2021-12-06 16:29:51 INFO Tomcat initialized with port(s): 8081 (http)
2021-12-06 16:29:51 INFO Initializing ProtocolHandler ["http-nio-8081"]
2021-12-06 16:29:51 INFO Starting service [Tomcat]
2021-12-06 16:29:51 INFO Starting Servlet engine: [Apache Tomcat/9.0.50]
2021-12-06 16:29:52 INFO Initializing Spring embedded WebApplicationContext
2021-12-06 16:29:52 INFO Root WebApplicationContext: initialization completed in 1444 ms
2021-12-06 16:29:52 INFO HikariPool-1 - Starting...
2021-12-06 16:29:52 INFO HikariPool-1 - Start completed.
2021-12-06 16:29:52 INFO No database type set, using meta data indicating: H2
2021-12-06 16:29:52 INFO No TaskExecutor has been set, defaulting to synchronous executor.
2021-12-06 16:29:52 INFO Starting ProtocolHandler ["http-nio-8081"]
2021-12-06 16:29:53 INFO Tomcat started on port(s): 8081 (http) with context path ''
2021-12-06 16:29:53 INFO Started EdcBatchApplication in 2.948 seconds (JVM running for 3.866)
2021-12-06 16:29:53 INFO Running default command line with: [baseDt=20211205]
2021-12-06 16:29:53 INFO Job: [SimpleJob: [name=opdJob]] launched with the following parameters: [{baseDt=20211205}]
2021-12-06 16:29:53 INFO Executing step: [opd001mStep]
2021-12-06 16:29:53 INFO ##########################################################################
2021-12-06 16:29:53 INFO START JOB :::: opd001m 
2021-12-06 16:29:53 INFO ##########################################################################
2021-12-06 16:29:53 INFO baseDt : 20211205
2021-12-06 16:29:55 INFO dwnlFileNm >> C:/dev/hdata/ht_opd001m/temp/CORPCODE.xml
2021-12-06 16:29:55 INFO makeDataFile: listCnt is 0
2021-12-06 16:29:55 INFO makeLogFile: C:/dev/hdata/ht_log001m/ht_opd001m_20211205_20211206162955.txt
2021-12-06 16:29:55 INFO END JOB :::: opd001m
2021-12-06 16:29:55 INFO Step: [opd001mStep] executed in 2s858ms
2021-12-06 16:29:55 INFO Executing step: [opd002mStep]
2021-12-06 16:29:55 INFO ##########################################################################
2021-12-06 16:29:55 INFO START JOB :::: opd002m 
2021-12-06 16:29:55 INFO ##########################################################################
2021-12-06 16:29:55 INFO baseDt : 20211205
2021-12-06 16:29:56 INFO makeDataFile: listCnt is 0
2021-12-06 16:29:56 INFO makeLogFile: C:/dev/hdata/ht_log001m/ht_opd002m_20211205_20211206162956.txt
2021-12-06 16:29:56 INFO END JOB :::: opd002m
2021-12-06 16:29:56 INFO Step: [opd002mStep] executed in 916ms
2021-12-06 16:29:56 INFO Job: [SimpleJob: [name=opdJob]] completed with the following parameters: [{baseDt=20211205}] and the following status: [COMPLETED] in 3s801ms
2021-12-06 16:34:03 WARN HikariPool-1 - Thread starvation or clock leap detected (housekeeper delta=3m41s264ms579µs900ns).
2021-12-06 17:34:36 WARN HikariPool-1 - Thread starvation or clock leap detected (housekeeper delta=1h32s760ms30µs800ns).
